Start testing: Oct 25 13:15 CST
----------------------------------------------------------
1/1 Testing: Test
1/1 Test: Test
Command: "/home/lshm/Projects/Train_Coding/Five_Hundred_Programming/build/src/Test"
Directory: /home/lshm/Projects/Train_Coding/Five_Hundred_Programming/build/src
"Test" start time: Oct 25 13:15 CST
Output:
----------------------------------------------------------
Running main() from /home/lshm/CLionProjects/wav2letter2/ext_libs/arrayfire/extern/googletest/googletest/src/gtest_main.cc
[==========] Running 3 tests from 2 test suites.
[----------] Global test environment set-up.
[----------] 2 tests from Array_Test_NAME
[ RUN      ] Array_Test_NAME.tripletExists2
[       OK ] Array_Test_NAME.tripletExists2 (0 ms)
[ RUN      ] Array_Test_NAME.printAllTriplets
[       OK ] Array_Test_NAME.printAllTriplets (0 ms)
[----------] 2 tests from Array_Test_NAME (0 ms total)

[----------] 1 test from QueenTest
[ RUN      ] QueenTest.nQueen
Q 
 
 
 
 
 
 
 

 
 - - Q 
 
 
 

 - 
 
 - - - Q 

 - - 
 - Q - - 

 - Q - 
 - - - 

 - - - - 
 Q - 

 Q - - - - 
 
 

 
 
 Q 
 
 
 
 

Q 
 
 
 
 
 
 
 

 
 - - - Q 
 
 

 - 
 - - - - Q 

 - Q 
 - - - - 

 - - - 
 - Q - 

 - - Q - 
 - - 

 Q - - - - 
 
 

 
 
 - Q 
 
 
 

Q 
 
 
 
 
 
 
 

 
 - - - - Q 
 

 - 
 Q - - - - 

 - - 
 - Q - - 

 - - - 
 - - Q 

 Q - - - 
 - - 

 - - - Q - 
 
 

 
 Q - - 
 
 
 

Q 
 
 
 
 
 
 
 

 
 - - - - Q 
 

 - 
 - Q - - - 

 - - 
 - - - Q 

 Q - - 
 - - - 

 - - Q - 
 - - 

 - - - - Q 
 
 

 
 Q - - 
 
 
 

- Q 
 
 
 
 
 
 

 
 - Q - - - - 
- - 
 - - Q - - 
- - - 
 - - - Q 

 - Q - - - - - 
Q - - - - - - - 

 - - - - - Q 
 

 
 - - Q 
 
 
 

- Q 
 
 
 
 
 
 

 
 - - Q - - - 
- - - - - - Q - 
Q - - - - - - - 

 - Q - - - - - 
- - - - - - - Q 
- - - - - Q - 
 

 
 - Q - 
 
 
 

- Q 
 
 
 
 
 
 

 
 - - Q - - - 
- - - - - - Q - 
- - - Q - - - - 
Q - - - - - - - 
- - - - - - - Q 
- - - - - Q - 
 

 
 Q - - 
 
 
 

- Q 
 
 
 
 
 
 

 
 - - - Q - - 
Q - - - - - - - 
- - - - - - Q - 
- - - Q - - - - 
- - - - - - - Q 
- - Q - - - - 
 

 
 - - Q 
 
 
 

- Q 
 
 
 
 
 
 

 
 - - - Q - - 
- - - - - - - Q 
- - Q - - - - - 
Q - - - - - - - 
- - - Q - - - - 
- - - - - - Q 
 

 
 - - Q 
 
 
 

- Q 
 
 
 
 
 
 

 
 - - - - Q - 
- - Q - - - - - 
- - - - - Q - - 
- - - - - - - Q 
- - - - Q - - - 
Q - - - - - - 
 

 
 - Q - 
 
 
 

- Q 
 
 
 
 
 
 

 
 - - - - Q - 
- - - - Q - - - 
- - - - - - - Q 
Q - - - - - - - 
- - - Q - - - - 
- - - - - Q - 
 

 
 Q - - 
 
 
 

- Q 
 
 
 
 
 
 

 
 - - - - - Q 
- - - - - Q - - 
Q - - - - - - - 
- - Q - - - - - 
- - - - Q - - - 
- - - - - - Q 
 

 
 - Q - 
 
 
 

- - Q 
 
 
 
 
 
Q 
 - - - - - - 
- - - - - - Q - 
- - - - Q - - - 
- - - - - - - Q 
- Q - - - - - - 
- - - Q - - - 
 

 
 - - - Q 
 
 

- - Q 
 
 
 
 
 
- 
 - - Q - - - 
- Q - - - - - - 
- - - - - - - Q 
Q - - - - - - - 
- - - - - - Q - 
- - - Q - - - 
 

 
 - - - Q 
 
 

- - Q 
 
 
 
 
 
- 
 - - Q - - - 
- Q - - - - - - 
- - - - - - - Q 
- - - - - Q - - 
- - - Q - - - - 
- - - - - - Q 
 
Q 
 - - - - 
 
 

- - Q 
 
 
 
 
 
- 
 - - Q - - - 
- - - - - - Q - 
Q - - - - - - - 
- - - Q - - - - 
- Q - - - - - - 
- - - - - - - Q 
- 
 - - - Q 
 
 

- - Q 
 
 
 
 
 
- 
 - - Q - - - 
- - - - - - - Q 
- - - Q - - - - 
Q - - - - - - - 
- - - - - - Q - 
- Q - - - - - - 
- 
 - - - Q 
 
 

- - Q 
 
 
 
 
 
- 
 - - - Q - - 
- Q - - - - - - 
- - - - Q - - - 
- - - - - - - Q 
Q - - - - - - - 
- - - - - - Q - 
- 
 - Q - - 
 
 

- - Q 
 
 
 
 
 
- 
 - - - Q - - 
- Q - - - - - - 
- - - - - - Q - 
Q - - - - - - - 
- - - Q - - - - 
- - - - - - - Q 
- 
 - - Q - 
 
 

- - Q 
 
 
 
 
 
- 
 - - - Q - - 
- Q - - - - - - 
- - - - - - Q - 
- - - - Q - - - 
Q - - - - - - - 
- - - - - - - Q 
- 
 - Q - - 
 
 

- - Q 
 
 
 
 
 
- 
 - - - Q - - 
- - - Q - - - - 
Q - - - - - - - 
- - - - - - - Q 
- - - - Q - - - 
- - - - - - Q - 
- Q - - - - 
 
 

- - Q 
 
 
 
 
 
- 
 - - - Q - - 
- - - Q - - - - 
- Q - - - - - - 
- - - - - - - Q 
- - - - Q - - - 
- - - - - - Q - 
Q - - - - - 
 
 

- - Q 
 
 
 
 
 
- 
 - - - Q - - 
- - - - - - - Q 
Q - - - - - - - 
- - - Q - - - - 
- - - - - - Q - 
- - - - Q - - - 
- Q - - - - 
 
 

- - Q 
 
 
 
 
 
- 
 - - - Q - - 
- - - - - - - Q 
Q - - - - - - - 
- - - - Q - - - 
- - - - - - Q - 
- Q - - - - - - 
- - - Q - - 
 
 

- - Q 
 
 
 
 
 
- 
 - - - Q - - 
- - - - - - - Q 
- Q - - - - - - 
- - - Q - - - - 
Q - - - - - - - 
- - - - - - Q - 
- - - - Q - 
 
 

- - Q 
 
 
 
 
 
- 
 - - - - Q - 
- Q - - - - - - 
- - - - - - - Q 
- - - - Q - - - 
Q - - - - - - - 
- - - Q - - - - 
- - - - - Q 
 
 

- - Q 
 
 
 
 
 
- 
 - - - - Q - 
- Q - - - - - - 
- - - - - - - Q 
- - - - - Q - - 
- - - Q - - - - 
Q - - - - - - - 
- - - - Q - 
 
 

- - Q 
 
 
 
 
 
- 
 - - - - - Q 
- - - Q - - - - 
- - - - - - Q - 
Q - - - - - - - 
- - - - - Q - - 
- Q - - - - - - 
- - - - Q - 
 
 

- - - Q 
 
 
 
 
Q 
 - - - - - - 
- - - - Q - - - 
- - - - - - - Q 
- Q - - - - - - 
- - - - - - Q - 
- - Q - - - - - 
- - - - - Q 
 
 

- - - Q 
 
 
 
 
Q 
 - - - - - - 
- - - - Q - - - 
- - - - - - - Q 
- - - - - Q - - 
- - Q - - - - - 
- - - - - - Q - 
- Q - - - - 
 
 

- - - Q 
 
 
 
 
- Q - - - - - - 
- - - - Q - - - 
- - - - - - - Q 
- - - - - Q - - 
Q - - - - - - - 
- - Q - - - - - 
- - - - - - Q 
 

- - - Q 
 
 
 
 
- Q - - - - - - 
- - - - - - Q - 
- - Q - - - - - 
- - - - - Q - - 
- - - - - - - Q 
Q - - - - - - - 
- - - - Q - - 
 

- - - Q 
 
 
 
 
- Q - - - - - - 
- - - - - - Q - 
- - Q - - - - - 
- - - - - Q - - 
- - - - - - - Q 
- - - - Q - - - 
Q - - - - - - 
 

- - - Q 
 
 
 
 
- Q - - - - - - 
- - - - - - Q - 
- - - - Q - - - 
Q - - - - - - - 
- - - - - - - Q 
- - - - - Q - - 
- - Q - - - - 
 

- - - Q 
 
 
 
 
- Q - - - - - - 
- - - - - - - Q 
- - - - Q - - - 
- - - - - - Q - 
Q - - - - - - - 
- - Q - - - - - 
- - - - - Q - 
 

- - - Q 
 
 
 
 
- Q - - - - - - 
- - - - - - - Q 
- - - - - Q - - 
Q - - - - - - - 
- - Q - - - - - 
- - - - Q - - - 
- - - - - - Q 
 

- - - Q 
 
 
 
 
- - - - - Q - - 
Q - - - - - - - 
- - - - Q - - - 
- Q - - - - - - 
- - - - - - - Q 
- - Q - - - - - 
- - - - - - Q 
 

- - - Q 
 
 
 
 
- - - - - Q - - 
- - - - - - - Q 
- Q - - - - - - 
- - - - - - Q - 
Q - - - - - - - 
- - Q - - - - - 
- - - - Q - - 
 

- - - Q 
 
 
 
 
- - - - - Q - - 
- - - - - - - Q 
- - Q - - - - - 
Q - - - - - - - 
- - - - - - Q - 
- - - - Q - - - 
- Q - - - - - 
 

- - - Q 
 
 
 
 
- - - - - - Q - 
Q - - - - - - - 
- - - - - - - Q 
- - - - Q - - - 
- Q - - - - - - 
- - - - - Q - - 
- - Q - - - - 
 

- - - Q 
 
 
 
 
- - - - - - Q - 
- - Q - - - - - 
- - - - - - - Q 
- Q - - - - - - 
- - - - Q - - - 
Q - - - - - - - 
- - - - - Q - 
 

- - - Q 
 
 
 
 
- - - - - - Q - 
- - - - Q - - - 
- Q - - - - - - 
- - - - - Q - - 
Q - - - - - - - 
- - Q - - - - - 
- - - - - - - Q 

- - - Q 
 
 
 
 
- - - - - - Q - 
- - - - Q - - - 
- - Q - - - - - 
Q - - - - - - - 
- - - - - Q - - 
- - - - - - - Q 
- Q - - - - - - 

- - - Q 
 
 
 
 
- - - - - - - Q 
Q - - - - - - - 
- - Q - - - - - 
- - - - - Q - - 
- Q - - - - - - 
- - - - - - Q - 
- - - - Q - - - 

- - - Q 
 
 
 
 
- - - - - - - Q 
Q - - - - - - - 
- - - - Q - - - 
- - - - - - Q - 
- Q - - - - - - 
- - - - - Q - - 
- - Q - - - - - 

- - - Q 
 
 
 
 
- - - - - - - Q 
- - - - Q - - - 
- - Q - - - - - 
Q - - - - - - - 
- - - - - - Q - 
- Q - - - - - - 
- - - - - Q - - 

- - - - Q 
 
 
 
Q - - - - - - - 
- - - Q - - - - 
- - - - - Q - - 
- - - - - - - Q 
- Q - - - - - - 
- - - - - - Q - 
- - Q - - - - - 

- - - - Q 
 
 
 
Q - - - - - - - 
- - - - - - - Q 
- - - Q - - - - 
- Q - - - - - - 
- - - - - - Q - 
- - Q - - - - - 
- - - - - Q - - 

- - - - Q 
 
 
 
Q - - - - - - - 
- - - - - - - Q 
- - - - - Q - - 
- - Q - - - - - 
- - - - - - Q - 
- Q - - - - - - 
- - - Q - - - - 

- - - - Q 
 
 
 
- Q - - - - - - 
- - - Q - - - - 
- - - - - Q - - 
- - - - - - - Q 
- - Q - - - - - 
Q - - - - - - - 
- - - - - - Q - 

- - - - Q 
 
 
 
- Q - - - - - - 
- - - Q - - - - 
- - - - - - Q - 
- - Q - - - - - 
- - - - - - - Q 
- - - - - Q - - 
Q - - - - - - - 

- - - - Q 
 
 
 
- Q - - - - - - 
- - - - - Q - - 
Q - - - - - - - 
- - - - - - Q - 
- - - Q - - - - 
- - - - - - - Q 
- - Q - - - - - 

- - - - Q 
 
 
 
- Q - - - - - - 
- - - - - - - Q 
Q - - - - - - - 
- - - Q - - - - 
- - - - - - Q - 
- - Q - - - - - 
- - - - - Q - - 

- - - - Q 
 
 
 
- - Q - - - - - 
Q - - - - - - - 
- - - - - Q - - 
- - - - - - - Q 
- Q - - - - - - 
- - - Q - - - - 
- - - - - - Q - 

- - - - Q 
 
 
 
- - Q - - - - - 
Q - - - - - - - 
- - - - - - Q - 
- Q - - - - - - 
- - - - - - - Q 
- - - - - Q - - 
- - - Q - - - - 

- - - - Q 
 
 
 
- - Q - - - - - 
- - - - - - - Q 
- - - Q - - - - 
- - - - - - Q - 
Q - - - - - - - 
- - - - - Q - - 
- Q - - - - - - 

- - - - Q 
 
 
 
- - - - - - Q - 
Q - - - - - - - 
- - Q - - - - - 
- - - - - - - Q 
- - - - - Q - - 
- - - Q - - - - 
- Q - - - - - - 

- - - - Q 
 
 
 
- - - - - - Q - 
Q - - - - - - - 
- - - Q - - - - 
- Q - - - - - - 
- - - - - - - Q 
- - - - - Q - - 
- - Q - - - - - 

- - - - Q 
 
 
 
- - - - - - Q - 
- Q - - - - - - 
- - - Q - - - - 
- - - - - - - Q 
Q - - - - - - - 
- - Q - - - - - 
- - - - - Q - - 

- - - - Q 
 
 
 
- - - - - - Q - 
- Q - - - - - - 
- - - - - Q - - 
- - Q - - - - - 
Q - - - - - - - 
- - - Q - - - - 
- - - - - - - Q 

- - - - Q 
 
 
 
- - - - - - Q - 
- Q - - - - - - 
- - - - - Q - - 
- - Q - - - - - 
Q - - - - - - - 
- - - - - - - Q 
- - - Q - - - - 

- - - - Q 
 
 
 
- - - - - - Q - 
- - - Q - - - - 
Q - - - - - - - 
- - Q - - - - - 
- - - - - - - Q 
- - - - - Q - - 
- Q - - - - - - 

- - - - Q 
 
 
 
- - - - - - - Q 
- - - Q - - - - 
Q - - - - - - - 
- - Q - - - - - 
- - - - - Q - - 
- Q - - - - - - 
- - - - - - Q - 

- - - - Q 
 
 
 
- - - - - - - Q 
- - - Q - - - - 
Q - - - - - - - 
- - - - - - Q - 
- Q - - - - - - 
- - - - - Q - - 
- - Q - - - - - 

- - - - - Q 
 
 
Q - - - - - - - 
- - - - Q - - - 
- Q - - - - - - 
- - - - - - - Q 
- - Q - - - - - 
- - - - - - Q - 
- - - Q - - - - 

- - - - - Q 
 
 
- Q - - - - - - 
- - - - - - Q - 
Q - - - - - - - 
- - Q - - - - - 
- - - - Q - - - 
- - - - - - - Q 
- - - Q - - - - 

- - - - - Q 
 
 
- Q - - - - - - 
- - - - - - Q - 
Q - - - - - - - 
- - - Q - - - - 
- - - - - - - Q 
- - - - Q - - - 
- - Q - - - - - 

- - - - - Q 
 
 
- - Q - - - - - 
Q - - - - - - - 
- - - - - - Q - 
- - - - Q - - - 
- - - - - - - Q 
- Q - - - - - - 
- - - Q - - - - 

- - - - - Q 
 
 
- - Q - - - - - 
Q - - - - - - - 
- - - - - - - Q 
- - - Q - - - - 
- Q - - - - - - 
- - - - - - Q - 
- - - - Q - - - 

- - - - - Q 
 
 
- - Q - - - - - 
Q - - - - - - - 
- - - - - - - Q 
- - - - Q - - - 
- Q - - - - - - 
- - - Q - - - - 
- - - - - - Q - 

- - - - - Q 
 
 
- - Q - - - - - 
- - - - Q - - - 
- - - - - - Q - 
Q - - - - - - - 
- - - Q - - - - 
- Q - - - - - - 
- - - - - - - Q 

- - - - - Q 
 
 
- - Q - - - - - 
- - - - Q - - - 
- - - - - - - Q 
Q - - - - - - - 
- - - Q - - - - 
- Q - - - - - - 
- - - - - - Q - 

- - - - - Q 
 
 
- - Q - - - - - 
- - - - - - Q - 
- Q - - - - - - 
- - - Q - - - - 
- - - - - - - Q 
Q - - - - - - - 
- - - - Q - - - 

- - - - - Q 
 
 
- - Q - - - - - 
- - - - - - Q - 
- Q - - - - - - 
- - - - - - - Q 
- - - - Q - - - 
Q - - - - - - - 
- - - Q - - - - 

- - - - - Q 
 
 
- - Q - - - - - 
- - - - - - Q - 
- - - Q - - - - 
Q - - - - - - - 
- - - - - - - Q 
- Q - - - - - - 
- - - - Q - - - 

- - - - - Q 
 
 
- - - Q - - - - 
Q - - - - - - - 
- - - - Q - - - 
- - - - - - - Q 
- Q - - - - - - 
- - - - - - Q - 
- - Q - - - - - 

- - - - - Q 
 
 
- - - Q - - - - 
- Q - - - - - - 
- - - - - - - Q 
- - - - Q - - - 
- - - - - - Q - 
Q - - - - - - - 
- - Q - - - - - 

- - - - - Q 
 
 
- - - Q - - - - 
- - - - - - Q - 
Q - - - - - - - 
- - Q - - - - - 
- - - - Q - - - 
- Q - - - - - - 
- - - - - - - Q 

- - - - - Q 
 
 
- - - Q - - - - 
- - - - - - Q - 
Q - - - - - - - 
- - - - - - - Q 
- Q - - - - - - 
- - - - Q - - - 
- - Q - - - - - 

- - - - - Q 
 
 
- - - - - - - Q 
- Q - - - - - - 
- - - Q - - - - 
Q - - - - - - - 
- - - - - - Q - 
- - - - Q - - - 
- - Q - - - - - 

- - - - - - Q 
 
Q - - - - - - - 
- - Q - - - - - 
- - - - - - - Q 
- - - - - Q - - 
- - - Q - - - - 
- Q - - - - - - 
- - - - Q - - - 

- - - - - - Q 
 
- Q - - - - - - 
- - - Q - - - - 
Q - - - - - - - 
- - - - - - - Q 
- - - - Q - - - 
- - Q - - - - - 
- - - - - Q - - 

- - - - - - Q 
 
- Q - - - - - - 
- - - - - Q - - 
- - Q - - - - - 
Q - - - - - - - 
- - - Q - - - - 
- - - - - - - Q 
- - - - Q - - - 

- - - - - - Q 
 
- - Q - - - - - 
Q - - - - - - - 
- - - - - Q - - 
- - - - - - - Q 
- - - - Q - - - 
- Q - - - - - - 
- - - Q - - - - 

- - - - - - Q 
 
- - Q - - - - - 
- - - - - - - Q 
- Q - - - - - - 
- - - - Q - - - 
Q - - - - - - - 
- - - - - Q - - 
- - - Q - - - - 

- - - - - - Q 
 
- - - Q - - - - 
- Q - - - - - - 
- - - - Q - - - 
- - - - - - - Q 
Q - - - - - - - 
- - Q - - - - - 
- - - - - Q - - 

- - - - - - Q 
 
- - - Q - - - - 
- Q - - - - - - 
- - - - - - - Q 
- - - - - Q - - 
Q - - - - - - - 
- - Q - - - - - 
- - - - Q - - - 

- - - - - - Q 
 
- - - - Q - - - 
- - Q - - - - - 
Q - - - - - - - 
- - - - - Q - - 
- - - - - - - Q 
- Q - - - - - - 
- - - Q - - - - 

- - - - - - - Q 
- Q - - - - - - 
- - - Q - - - - 
Q - - - - - - - 
- - - - - - Q - 
- - - - Q - - - 
- - Q - - - - - 
- - - - - Q - - 

- - - - - - - Q 
- Q - - - - - - 
- - - - Q - - - 
- - Q - - - - - 
Q - - - - - - - 
- - - - - - Q - 
- - - Q - - - - 
- - - - - Q - - 

- - - - - - - Q 
- - Q - - - - - 
Q - - - - - - - 
- - - - - Q - - 
- Q - - - - - - 
- - - - Q - - - 
- - - - - - Q - 
- - - Q - - - - 

- - - - - - - Q 
- - - Q - - - - 
Q - - - - - - - 
- - Q - - - - - 
- - - - - Q - - 
- Q - - - - - - 
- - - - - - Q - 
- - - - Q - - - 

[       OK ] QueenTest.nQueen (1 ms)
[----------] 1 test from QueenTest (1 ms total)

[----------] Global test environment tear-down
[==========] 3 tests from 2 test suites ran. (1 ms total)
[  PASSED  ] 3 tests.
<end of output>
Test time =   0.00 sec
----------------------------------------------------------
Test Passed.
"Test" end time: Oct 25 13:15 CST
"Test" time elapsed: 00:00:00
----------------------------------------------------------

End testing: Oct 25 13:15 CST
